c:\users\lovekesh.jain1\downloads\finallogin (1) (2)\finallogin (1)\finallogin\finallogin\x64\debug\vc143.pdb
c:\users\lovekesh.jain1\downloads\finallogin (1) (2)\finallogin (1)\finallogin\finallogin\x64\debug\.netframework,version=v4.7.2.assemblyattributes.obj
c:\users\lovekesh.jain1\downloads\finallogin (1) (2)\finallogin (1)\finallogin\finallogin\x64\debug\socket.obj
c:\users\lovekesh.jain1\downloads\finallogin (1) (2)\finallogin (1)\finallogin\finallogin\x64\debug\clientpage.obj
c:\users\lovekesh.jain1\downloads\finallogin (1) (2)\finallogin (1)\finallogin\finallogin\x64\debug\homepage.obj
c:\users\lovekesh.jain1\downloads\finallogin (1) (2)\finallogin (1)\finallogin\finallogin\x64\debug\clientsignup.obj
c:\users\lovekesh.jain1\downloads\finallogin (1) (2)\finallogin (1)\finallogin\finallogin\x64\debug\clientlogin.obj
c:\users\lovekesh.jain1\downloads\finallogin (1) (2)\finallogin (1)\finallogin\finallogin\x64\debug\adminsignup.obj
c:\users\lovekesh.jain1\downloads\finallogin (1) (2)\finallogin (1)\finallogin\finallogin\x64\debug\adminlogin.obj
c:\users\lovekesh.jain1\downloads\finallogin (1) (2)\finallogin (1)\finallogin\x64\debug\mysql.data.dll
c:\users\lovekesh.jain1\downloads\finallogin (1) (2)\finallogin (1)\finallogin\x64\debug\google.protobuf.dll
c:\users\lovekesh.jain1\downloads\finallogin (1) (2)\finallogin (1)\finallogin\x64\debug\zstdnet.dll
c:\users\lovekesh.jain1\downloads\finallogin (1) (2)\finallogin (1)\finallogin\x64\debug\k4os.compression.lz4.streams.dll
c:\users\lovekesh.jain1\downloads\finallogin (1) (2)\finallogin (1)\finallogin\x64\debug\bouncycastle.crypto.dll
c:\users\lovekesh.jain1\downloads\finallogin (1) (2)\finallogin (1)\finallogin\x64\debug\system.memory.dll
c:\users\lovekesh.jain1\downloads\finallogin (1) (2)\finallogin (1)\finallogin\x64\debug\system.buffers.dll
c:\users\lovekesh.jain1\downloads\finallogin (1) (2)\finallogin (1)\finallogin\x64\debug\k4os.compression.lz4.dll
c:\users\lovekesh.jain1\downloads\finallogin (1) (2)\finallogin (1)\finallogin\x64\debug\k4os.hash.xxhash.dll
c:\users\lovekesh.jain1\downloads\finallogin (1) (2)\finallogin (1)\finallogin\x64\debug\mysql.data.xml
c:\users\lovekesh.jain1\downloads\finallogin (1) (2)\finallogin (1)\finallogin\x64\debug\finallogin.exe
c:\users\lovekesh.jain1\downloads\finallogin (1) (2)\finallogin (1)\finallogin\x64\debug\finallogin.pdb
d:\cpp gui\finallogin\finallogin\x64\debug\finallogin.tlog\metagen.write.1.tlog
c:\users\yash.yadav2\source\repos\finallogin (1)\finallogin\finallogin\x64\debug\finallogin.tlog\metagen.write.1.tlog
c:\users\lovekesh.jain1\downloads\finallogin (1) (2)\finallogin (1)\finallogin\finallogin\x64\debug\finallogin.tlog\metagen.write.1.tlog
c:\users\lovekesh.jain1\downloads\finallogin (1) (2)\finallogin (1)\finallogin\finallogin\x64\debug\finallogin.tlog\cl.command.1.tlog
c:\users\lovekesh.jain1\downloads\finallogin (1) (2)\finallogin (1)\finallogin\finallogin\x64\debug\finallogin.tlog\cl.read.1.tlog
c:\users\lovekesh.jain1\downloads\finallogin (1) (2)\finallogin (1)\finallogin\finallogin\x64\debug\finallogin.tlog\cl.write.1.tlog
c:\users\lovekesh.jain1\downloads\finallogin (1) (2)\finallogin (1)\finallogin\finallogin\x64\debug\finallogin.tlog\copylocal.read.1u.tlog
c:\users\lovekesh.jain1\downloads\finallogin (1) (2)\finallogin (1)\finallogin\finallogin\x64\debug\finallogin.tlog\copylocal.write.1u.tlog
c:\users\lovekesh.jain1\downloads\finallogin (1) (2)\finallogin (1)\finallogin\finallogin\x64\debug\finallogin.tlog\link.command.1.tlog
c:\users\lovekesh.jain1\downloads\finallogin (1) (2)\finallogin (1)\finallogin\finallogin\x64\debug\finallogin.tlog\link.read.1.tlog
c:\users\lovekesh.jain1\downloads\finallogin (1) (2)\finallogin (1)\finallogin\finallogin\x64\debug\finallogin.tlog\link.write.1.tlog
c:\users\lovekesh.jain1\downloads\finallogin (1) (2)\finallogin (1)\finallogin\finallogin\x64\debug\finallogin.tlog\metagen.read.1.tlog
c:\users\lovekesh.jain1\downloads\finallogin (1) (2)\finallogin (1)\finallogin\finallogin\x64\debug\finallogin.tlog\resgen.command.1.tlog
c:\users\lovekesh.jain1\downloads\finallogin (1) (2)\finallogin (1)\finallogin\finallogin\x64\debug\finallogin.tlog\resgen.read.1.tlog
c:\users\lovekesh.jain1\downloads\finallogin (1) (2)\finallogin (1)\finallogin\finallogin\x64\debug\finallogin.tlog\resgen.write.1.tlog
c:\users\lovekesh.jain1\downloads\finallogin (1) (2)\finallogin (1)\finallogin\finallogin\x64\debug\finallogin.tlog\mysql.data.dll.metagen
